

Processing VocabsController#index (for 58.8.34.10 at 2010-09-11 14:30:35) [GET]

ActiveRecord::StatementInvalid (SQLite3::SQLException: no such table: vocabs: SELECT * FROM "vocabs"  LIMIT 20 OFFSET 0):
  /opt/ruby-enterprise-1.8.7-2010.01/lib/ruby/gems/1.8/gems/will_paginate-2.3.14/lib/will_paginate/finder.rb:82:in `send'
  /opt/ruby-enterprise-1.8.7-2010.01/lib/ruby/gems/1.8/gems/will_paginate-2.3.14/lib/will_paginate/finder.rb:82:in `paginate'
  /opt/ruby-enterprise-1.8.7-2010.01/lib/ruby/gems/1.8/gems/will_paginate-2.3.14/lib/will_paginate/collection.rb:85:in `create'
  /opt/ruby-enterprise-1.8.7-2010.01/lib/ruby/gems/1.8/gems/will_paginate-2.3.14/lib/will_paginate/finder.rb:76:in `paginate'
  app/controllers/vocabs_controller.rb:37:in `index'
  haml (3.0.18) rails/./lib/sass/plugin/rack.rb:41:in `call'
  passenger (2.2.11) lib/phusion_passenger/rack/request_handler.rb:92:in `process_request'
  passenger (2.2.11) lib/phusion_passenger/abstract_request_handler.rb:207:in `main_loop'
  passenger (2.2.11) lib/phusion_passenger/railz/application_spawner.rb:418:in `start_request_handler'
  passenger (2.2.11) lib/phusion_passenger/railz/application_spawner.rb:358:in `handle_spawn_application'
  passenger (2.2.11) lib/phusion_passenger/utils.rb:184:in `safe_fork'
  passenger (2.2.11) lib/phusion_passenger/railz/application_spawner.rb:354:in `handle_spawn_application'
  passenger (2.2.11) lib/phusion_passenger/abstract_server.rb:352:in `__send__'
  passenger (2.2.11) lib/phusion_passenger/abstract_server.rb:352:in `main_loop'
  passenger (2.2.11) lib/phusion_passenger/abstract_server.rb:196:in `start_synchronously'
  passenger (2.2.11) lib/phusion_passenger/abstract_server.rb:163:in `start'
  passenger (2.2.11) lib/phusion_passenger/railz/application_spawner.rb:213:in `start'
  passenger (2.2.11) lib/phusion_passenger/spawn_manager.rb:262:in `spawn_rails_application'
  passenger (2.2.11) lib/phusion_passenger/abstract_server_collection.rb:126:in `lookup_or_add'
  passenger (2.2.11) lib/phusion_passenger/spawn_manager.rb:256:in `spawn_rails_application'
  passenger (2.2.11) lib/phusion_passenger/abstract_server_collection.rb:80:in `synchronize'
  passenger (2.2.11) lib/phusion_passenger/abstract_server_collection.rb:79:in `synchronize'
  passenger (2.2.11) lib/phusion_passenger/spawn_manager.rb:255:in `spawn_rails_application'
  passenger (2.2.11) lib/phusion_passenger/spawn_manager.rb:154:in `spawn_application'
  passenger (2.2.11) lib/phusion_passenger/spawn_manager.rb:287:in `handle_spawn_application'
  passenger (2.2.11) lib/phusion_passenger/abstract_server.rb:352:in `__send__'
  passenger (2.2.11) lib/phusion_passenger/abstract_server.rb:352:in `main_loop'
  passenger (2.2.11) lib/phusion_passenger/abstract_server.rb:196:in `start_synchronously'

Rendering /home/xinming/thai-flashcards/public/500.html (500 Internal Server Error)


Processing VocabsController#index (for 58.8.34.10 at 2010-09-11 14:30:39) [GET]

ActiveRecord::StatementInvalid (SQLite3::SQLException: no such table: vocabs: SELECT * FROM "vocabs"  LIMIT 20 OFFSET 0):
  /opt/ruby-enterprise-1.8.7-2010.01/lib/ruby/gems/1.8/gems/will_paginate-2.3.14/lib/will_paginate/finder.rb:82:in `send'
  /opt/ruby-enterprise-1.8.7-2010.01/lib/ruby/gems/1.8/gems/will_paginate-2.3.14/lib/will_paginate/finder.rb:82:in `paginate'
  /opt/ruby-enterprise-1.8.7-2010.01/lib/ruby/gems/1.8/gems/will_paginate-2.3.14/lib/will_paginate/collection.rb:85:in `create'
  /opt/ruby-enterprise-1.8.7-2010.01/lib/ruby/gems/1.8/gems/will_paginate-2.3.14/lib/will_paginate/finder.rb:76:in `paginate'
  app/controllers/vocabs_controller.rb:37:in `index'
  haml (3.0.18) rails/./lib/sass/plugin/rack.rb:41:in `call'
  passenger (2.2.11) lib/phusion_passenger/rack/request_handler.rb:92:in `process_request'
  passenger (2.2.11) lib/phusion_passenger/abstract_request_handler.rb:207:in `main_loop'
  passenger (2.2.11) lib/phusion_passenger/railz/application_spawner.rb:418:in `start_request_handler'
  passenger (2.2.11) lib/phusion_passenger/railz/application_spawner.rb:358:in `handle_spawn_application'
  passenger (2.2.11) lib/phusion_passenger/utils.rb:184:in `safe_fork'
  passenger (2.2.11) lib/phusion_passenger/railz/application_spawner.rb:354:in `handle_spawn_application'
  passenger (2.2.11) lib/phusion_passenger/abstract_server.rb:352:in `__send__'
  passenger (2.2.11) lib/phusion_passenger/abstract_server.rb:352:in `main_loop'
  passenger (2.2.11) lib/phusion_passenger/abstract_server.rb:196:in `start_synchronously'
  passenger (2.2.11) lib/phusion_passenger/abstract_server.rb:163:in `start'
  passenger (2.2.11) lib/phusion_passenger/railz/application_spawner.rb:213:in `start'
  passenger (2.2.11) lib/phusion_passenger/spawn_manager.rb:262:in `spawn_rails_application'
  passenger (2.2.11) lib/phusion_passenger/abstract_server_collection.rb:126:in `lookup_or_add'
  passenger (2.2.11) lib/phusion_passenger/spawn_manager.rb:256:in `spawn_rails_application'
  passenger (2.2.11) lib/phusion_passenger/abstract_server_collection.rb:80:in `synchronize'
  passenger (2.2.11) lib/phusion_passenger/abstract_server_collection.rb:79:in `synchronize'
  passenger (2.2.11) lib/phusion_passenger/spawn_manager.rb:255:in `spawn_rails_application'
  passenger (2.2.11) lib/phusion_passenger/spawn_manager.rb:154:in `spawn_application'
  passenger (2.2.11) lib/phusion_passenger/spawn_manager.rb:287:in `handle_spawn_application'
  passenger (2.2.11) lib/phusion_passenger/abstract_server.rb:352:in `__send__'
  passenger (2.2.11) lib/phusion_passenger/abstract_server.rb:352:in `main_loop'
  passenger (2.2.11) lib/phusion_passenger/abstract_server.rb:196:in `start_synchronously'

Rendering /home/xinming/thai-flashcards/public/500.html (500 Internal Server Error)


Processing VocabsController#index (for 58.8.34.10 at 2010-09-11 14:31:00) [GET]

ActiveRecord::StatementInvalid (SQLite3::SQLException: no such table: vocabs: SELECT * FROM "vocabs"  LIMIT 20 OFFSET 0):
  /opt/ruby-enterprise-1.8.7-2010.01/lib/ruby/gems/1.8/gems/will_paginate-2.3.14/lib/will_paginate/finder.rb:82:in `send'
  /opt/ruby-enterprise-1.8.7-2010.01/lib/ruby/gems/1.8/gems/will_paginate-2.3.14/lib/will_paginate/finder.rb:82:in `paginate'
  /opt/ruby-enterprise-1.8.7-2010.01/lib/ruby/gems/1.8/gems/will_paginate-2.3.14/lib/will_paginate/collection.rb:85:in `create'
  /opt/ruby-enterprise-1.8.7-2010.01/lib/ruby/gems/1.8/gems/will_paginate-2.3.14/lib/will_paginate/finder.rb:76:in `paginate'
  app/controllers/vocabs_controller.rb:37:in `index'
  haml (3.0.18) rails/./lib/sass/plugin/rack.rb:41:in `call'
  passenger (2.2.11) lib/phusion_passenger/rack/request_handler.rb:92:in `process_request'
  passenger (2.2.11) lib/phusion_passenger/abstract_request_handler.rb:207:in `main_loop'
  passenger (2.2.11) lib/phusion_passenger/railz/application_spawner.rb:418:in `start_request_handler'
  passenger (2.2.11) lib/phusion_passenger/railz/application_spawner.rb:358:in `handle_spawn_application'
  passenger (2.2.11) lib/phusion_passenger/utils.rb:184:in `safe_fork'
  passenger (2.2.11) lib/phusion_passenger/railz/application_spawner.rb:354:in `handle_spawn_application'
  passenger (2.2.11) lib/phusion_passenger/abstract_server.rb:352:in `__send__'
  passenger (2.2.11) lib/phusion_passenger/abstract_server.rb:352:in `main_loop'
  passenger (2.2.11) lib/phusion_passenger/abstract_server.rb:196:in `start_synchronously'
  passenger (2.2.11) lib/phusion_passenger/abstract_server.rb:163:in `start'
  passenger (2.2.11) lib/phusion_passenger/railz/application_spawner.rb:213:in `start'
  passenger (2.2.11) lib/phusion_passenger/spawn_manager.rb:262:in `spawn_rails_application'
  passenger (2.2.11) lib/phusion_passenger/abstract_server_collection.rb:126:in `lookup_or_add'
  passenger (2.2.11) lib/phusion_passenger/spawn_manager.rb:256:in `spawn_rails_application'
  passenger (2.2.11) lib/phusion_passenger/abstract_server_collection.rb:80:in `synchronize'
  passenger (2.2.11) lib/phusion_passenger/abstract_server_collection.rb:79:in `synchronize'
  passenger (2.2.11) lib/phusion_passenger/spawn_manager.rb:255:in `spawn_rails_application'
  passenger (2.2.11) lib/phusion_passenger/spawn_manager.rb:154:in `spawn_application'
  passenger (2.2.11) lib/phusion_passenger/spawn_manager.rb:287:in `handle_spawn_application'
  passenger (2.2.11) lib/phusion_passenger/abstract_server.rb:352:in `__send__'
  passenger (2.2.11) lib/phusion_passenger/abstract_server.rb:352:in `main_loop'
  passenger (2.2.11) lib/phusion_passenger/abstract_server.rb:196:in `start_synchronously'

Rendering /home/xinming/thai-flashcards/public/500.html (500 Internal Server Error)


Processing VocabsController#index (for 58.8.34.10 at 2010-09-11 14:32:46) [GET]

ActiveRecord::StatementInvalid (SQLite3::SchemaChangedException: no such table: vocabs: SELECT * FROM "vocabs"  LIMIT 20 OFFSET 0):
  /opt/ruby-enterprise-1.8.7-2010.01/lib/ruby/gems/1.8/gems/will_paginate-2.3.14/lib/will_paginate/finder.rb:82:in `send'
  /opt/ruby-enterprise-1.8.7-2010.01/lib/ruby/gems/1.8/gems/will_paginate-2.3.14/lib/will_paginate/finder.rb:82:in `paginate'
  /opt/ruby-enterprise-1.8.7-2010.01/lib/ruby/gems/1.8/gems/will_paginate-2.3.14/lib/will_paginate/collection.rb:85:in `create'
  /opt/ruby-enterprise-1.8.7-2010.01/lib/ruby/gems/1.8/gems/will_paginate-2.3.14/lib/will_paginate/finder.rb:76:in `paginate'
  app/controllers/vocabs_controller.rb:37:in `index'
  haml (3.0.18) rails/./lib/sass/plugin/rack.rb:41:in `call'
  passenger (2.2.11) lib/phusion_passenger/rack/request_handler.rb:92:in `process_request'
  passenger (2.2.11) lib/phusion_passenger/abstract_request_handler.rb:207:in `main_loop'
  passenger (2.2.11) lib/phusion_passenger/railz/application_spawner.rb:418:in `start_request_handler'
  passenger (2.2.11) lib/phusion_passenger/railz/application_spawner.rb:358:in `handle_spawn_application'
  passenger (2.2.11) lib/phusion_passenger/utils.rb:184:in `safe_fork'
  passenger (2.2.11) lib/phusion_passenger/railz/application_spawner.rb:354:in `handle_spawn_application'
  passenger (2.2.11) lib/phusion_passenger/abstract_server.rb:352:in `__send__'
  passenger (2.2.11) lib/phusion_passenger/abstract_server.rb:352:in `main_loop'
  passenger (2.2.11) lib/phusion_passenger/abstract_server.rb:196:in `start_synchronously'
  passenger (2.2.11) lib/phusion_passenger/abstract_server.rb:163:in `start'
  passenger (2.2.11) lib/phusion_passenger/railz/application_spawner.rb:213:in `start'
  passenger (2.2.11) lib/phusion_passenger/spawn_manager.rb:262:in `spawn_rails_application'
  passenger (2.2.11) lib/phusion_passenger/abstract_server_collection.rb:126:in `lookup_or_add'
  passenger (2.2.11) lib/phusion_passenger/spawn_manager.rb:256:in `spawn_rails_application'
  passenger (2.2.11) lib/phusion_passenger/abstract_server_collection.rb:80:in `synchronize'
  passenger (2.2.11) lib/phusion_passenger/abstract_server_collection.rb:79:in `synchronize'
  passenger (2.2.11) lib/phusion_passenger/spawn_manager.rb:255:in `spawn_rails_application'
  passenger (2.2.11) lib/phusion_passenger/spawn_manager.rb:154:in `spawn_application'
  passenger (2.2.11) lib/phusion_passenger/spawn_manager.rb:287:in `handle_spawn_application'
  passenger (2.2.11) lib/phusion_passenger/abstract_server.rb:352:in `__send__'
  passenger (2.2.11) lib/phusion_passenger/abstract_server.rb:352:in `main_loop'
  passenger (2.2.11) lib/phusion_passenger/abstract_server.rb:196:in `start_synchronously'

Rendering /home/xinming/thai-flashcards/public/500.html (500 Internal Server Error)


Processing VocabsController#index (for 58.8.34.10 at 2010-09-11 14:32:56) [GET]
Rendering template within layouts/application
Rendering vocabs/index
Completed in 18ms (View: 14, DB: 1) | 200 OK [http://thai.ohho.in.th/]


Processing VocabsController#new (for 58.8.34.10 at 2010-09-11 14:33:05) [GET]
Rendering template within layouts/application
Rendering vocabs/new
Completed in 31ms (View: 28, DB: 0) | 200 OK [http://thai.ohho.in.th/vocabs/new]


Processing VocabsController#index (for 58.8.34.10 at 2010-09-11 14:33:35) [GET]
Rendering template within layouts/application
Rendering vocabs/index
Completed in 146ms (View: 141, DB: 2) | 200 OK [http://thai.ohho.in.th/]


Processing VocabsController#index (for 58.8.34.10 at 2010-09-11 14:33:38) [GET]
  Parameters: {"page"=>"2"}
Rendering template within layouts/application
Rendering vocabs/index
Completed in 20ms (View: 17, DB: 1) | 200 OK [http://thai.ohho.in.th/vocabs?page=2]


Processing VocabsController#index (for 58.8.34.10 at 2010-09-11 14:33:40) [GET]
  Parameters: {"page"=>"1"}
Rendering template within layouts/application
Rendering vocabs/index
Completed in 23ms (View: 19, DB: 1) | 200 OK [http://thai.ohho.in.th/vocabs?page=1]


Processing VocabsController#index (for 58.8.34.10 at 2010-09-11 14:33:43) [GET]
  Parameters: {"page"=>"2"}
Rendering template within layouts/application
Rendering vocabs/index
Completed in 20ms (View: 17, DB: 1) | 200 OK [http://thai.ohho.in.th/vocabs?page=2]


Processing VocabsController#index (for 58.8.34.10 at 2010-09-11 14:33:45) [GET]
  Parameters: {"page"=>"1"}
Rendering template within layouts/application
Rendering vocabs/index
Completed in 23ms (View: 20, DB: 1) | 200 OK [http://thai.ohho.in.th/vocabs?page=1]


Processing VocabsController#edit (for 58.8.34.10 at 2010-09-11 14:33:54) [GET]
  Parameters: {"id"=>"1"}
Rendering template within layouts/application
Rendering vocabs/edit
Completed in 9ms (View: 8, DB: 0) | 200 OK [http://thai.ohho.in.th/vocabs/1/edit]


Processing VocabsController#index (for 58.8.34.10 at 2010-09-11 14:34:41) [GET]
  Parameters: {"page"=>"1"}
Rendering template within layouts/application
Rendering vocabs/index
Completed in 23ms (View: 19, DB: 1) | 200 OK [http://thai.ohho.in.th/vocabs?page=1]


Processing VocabsController#index (for 58.8.34.10 at 2010-09-11 14:34:42) [GET]
  Parameters: {"page"=>"1"}
Rendering template within layouts/application
Rendering vocabs/index
Completed in 27ms (View: 23, DB: 1) | 200 OK [http://thai.ohho.in.th/vocabs?page=1]


Processing VocabsController#index (for 58.8.34.10 at 2010-09-11 14:34:43) [GET]
  Parameters: {"page"=>"1"}
Rendering template within layouts/application
Rendering vocabs/index
Completed in 23ms (View: 19, DB: 1) | 200 OK [http://thai.ohho.in.th/vocabs?page=1]


Processing VocabsController#index (for 58.8.34.10 at 2010-09-11 14:35:04) [GET]
  Parameters: {"page"=>"1"}
Rendering template within layouts/application
Rendering vocabs/index
Completed in 39ms (View: 30, DB: 2) | 200 OK [http://thai.ohho.in.th/vocabs?page=1]


Processing VocabsController#index (for 58.8.34.10 at 2010-09-11 14:35:07) [GET]
  Parameters: {"page"=>"2"}
Rendering template within layouts/application
Rendering vocabs/index
Completed in 19ms (View: 15, DB: 1) | 200 OK [http://thai.ohho.in.th/vocabs?page=2]


Processing VocabsController#index (for 58.8.34.10 at 2010-09-11 14:35:09) [GET]
  Parameters: {"page"=>"1"}
Rendering template within layouts/application
Rendering vocabs/index
Completed in 135ms (View: 13, DB: 2) | 200 OK [http://thai.ohho.in.th/vocabs?page=1]
